<?xml version="1.0" encoding="UTF-8"?>
<testsuite xmlns:xsi="http://www.w3.org/2001/XMLSchema-instance" xsi:noNamespaceSchemaLocation="https://maven.apache.org/surefire/maven-surefire-plugin/xsd/surefire-test-report-3.0.xsd" version="3.0" name="goral.psychotherapistoffice.PsychotherapistOfficeApplicationTests" time="6.361" tests="1" errors="0" skipped="0" failures="0">
  <properties>
    <property name="java.specification.version" value="17"/>
    <property name="sun.jnu.encoding" value="UTF-8"/>
    <property name="java.class.path" value="/home/goral/java_gorskiego_LIS23/VSC/psychotherapistOffice/target/test-classes:/home/goral/java_gorskiego_LIS23/VSC/psychotherapistOffice/target/classes:/home/goral/.m2/repository/org/springframework/boot/spring-boot-starter-data-jpa/3.2.0/spring-boot-starter-data-jpa-3.2.0.jar:/home/goral/.m2/repository/org/springframework/boot/spring-boot-starter-aop/3.2.0/spring-boot-starter-aop-3.2.0.jar:/home/goral/.m2/repository/org/springframework/spring-aop/6.1.1/spring-aop-6.1.1.jar:/home/goral/.m2/repository/org/aspectj/aspectjweaver/1.9.20.1/aspectjweaver-1.9.20.1.jar:/home/goral/.m2/repository/org/springframework/boot/spring-boot-starter-jdbc/3.2.0/spring-boot-starter-jdbc-3.2.0.jar:/home/goral/.m2/repository/com/zaxxer/HikariCP/5.0.1/HikariCP-5.0.1.jar:/home/goral/.m2/repository/org/springframework/spring-jdbc/6.1.1/spring-jdbc-6.1.1.jar:/home/goral/.m2/repository/org/hibernate/orm/hibernate-core/6.3.1.Final/hibernate-core-6.3.1.Final.jar:/home/goral/.m2/repository/jakarta/persistence/jakarta.persistence-api/3.1.0/jakarta.persistence-api-3.1.0.jar:/home/goral/.m2/repository/jakarta/transaction/jakarta.transaction-api/2.0.1/jakarta.transaction-api-2.0.1.jar:/home/goral/.m2/repository/org/jboss/logging/jboss-logging/3.5.3.Final/jboss-logging-3.5.3.Final.jar:/home/goral/.m2/repository/org/hibernate/common/hibernate-commons-annotations/6.0.6.Final/hibernate-commons-annotations-6.0.6.Final.jar:/home/goral/.m2/repository/io/smallrye/jandex/3.1.2/jandex-3.1.2.jar:/home/goral/.m2/repository/com/fasterxml/classmate/1.6.0/classmate-1.6.0.jar:/home/goral/.m2/repository/net/bytebuddy/byte-buddy/1.14.10/byte-buddy-1.14.10.jar:/home/goral/.m2/repository/org/glassfish/jaxb/jaxb-runtime/4.0.4/jaxb-runtime-4.0.4.jar:/home/goral/.m2/repository/org/glassfish/jaxb/jaxb-core/4.0.4/jaxb-core-4.0.4.jar:/home/goral/.m2/repository/org/eclipse/angus/angus-activation/2.0.1/angus-activation-2.0.1.jar:/home/goral/.m2/repository/org/glassfish/jaxb/txw2/4.0.4/txw2-4.0.4.jar:/home/goral/.m2/repository/com/sun/istack/istack-commons-runtime/4.1.2/istack-commons-runtime-4.1.2.jar:/home/goral/.m2/repository/jakarta/inject/jakarta.inject-api/2.0.1/jakarta.inject-api-2.0.1.jar:/home/goral/.m2/repository/org/antlr/antlr4-runtime/4.10.1/antlr4-runtime-4.10.1.jar:/home/goral/.m2/repository/org/springframework/data/spring-data-jpa/3.2.0/spring-data-jpa-3.2.0.jar:/home/goral/.m2/repository/org/springframework/data/spring-data-commons/3.2.0/spring-data-commons-3.2.0.jar:/home/goral/.m2/repository/org/springframework/spring-orm/6.1.1/spring-orm-6.1.1.jar:/home/goral/.m2/repository/org/springframework/spring-context/6.1.1/spring-context-6.1.1.jar:/home/goral/.m2/repository/org/springframework/spring-tx/6.1.1/spring-tx-6.1.1.jar:/home/goral/.m2/repository/org/springframework/spring-beans/6.1.1/spring-beans-6.1.1.jar:/home/goral/.m2/repository/jakarta/annotation/jakarta.annotation-api/2.1.1/jakarta.annotation-api-2.1.1.jar:/home/goral/.m2/repository/org/springframework/spring-aspects/6.1.1/spring-aspects-6.1.1.jar:/home/goral/.m2/repository/org/springframework/boot/spring-boot-starter-thymeleaf/3.2.0/spring-boot-starter-thymeleaf-3.2.0.jar:/home/goral/.m2/repository/org/springframework/boot/spring-boot-starter/3.2.0/spring-boot-starter-3.2.0.jar:/home/goral/.m2/repository/org/springframework/boot/spring-boot-starter-logging/3.2.0/spring-boot-starter-logging-3.2.0.jar:/home/goral/.m2/repository/ch/qos/logback/logback-classic/1.4.11/logback-classic-1.4.11.jar:/home/goral/.m2/repository/ch/qos/logback/logback-core/1.4.11/logback-core-1.4.11.jar:/home/goral/.m2/repository/org/apache/logging/log4j/log4j-to-slf4j/2.21.1/log4j-to-slf4j-2.21.1.jar:/home/goral/.m2/repository/org/apache/logging/log4j/log4j-api/2.21.1/log4j-api-2.21.1.jar:/home/goral/.m2/repository/org/slf4j/jul-to-slf4j/2.0.9/jul-to-slf4j-2.0.9.jar:/home/goral/.m2/repository/org/thymeleaf/thymeleaf-spring6/3.1.2.RELEASE/thymeleaf-spring6-3.1.2.RELEASE.jar:/home/goral/.m2/repository/nz/net/ultraq/thymeleaf/thymeleaf-layout-dialect/3.3.0/thymeleaf-layout-dialect-3.3.0.jar:/home/goral/.m2/repository/org/apache/groovy/groovy/4.0.15/groovy-4.0.15.jar:/home/goral/.m2/repository/nz/net/ultraq/groovy/groovy-extensions/2.1.0/groovy-extensions-2.1.0.jar:/home/goral/.m2/repository/nz/net/ultraq/thymeleaf/thymeleaf-expression-processor/3.2.0/thymeleaf-expression-processor-3.2.0.jar:/home/goral/.m2/repository/org/thymeleaf/thymeleaf/3.1.2.RELEASE/thymeleaf-3.1.2.RELEASE.jar:/home/goral/.m2/repository/ognl/ognl/3.3.4/ognl-3.3.4.jar:/home/goral/.m2/repository/org/javassist/javassist/3.29.0-GA/javassist-3.29.0-GA.jar:/home/goral/.m2/repository/org/attoparser/attoparser/2.0.7.RELEASE/attoparser-2.0.7.RELEASE.jar:/home/goral/.m2/repository/org/unbescape/unbescape/1.1.6.RELEASE/unbescape-1.1.6.RELEASE.jar:/home/goral/.m2/repository/org/slf4j/slf4j-api/2.0.9/slf4j-api-2.0.9.jar:/home/goral/.m2/repository/org/springframework/boot/spring-boot-starter-web/3.2.0/spring-boot-starter-web-3.2.0.jar:/home/goral/.m2/repository/org/springframework/boot/spring-boot-starter-json/3.2.0/spring-boot-starter-json-3.2.0.jar:/home/goral/.m2/repository/com/fasterxml/jackson/core/jackson-databind/2.15.3/jackson-databind-2.15.3.jar:/home/goral/.m2/repository/com/fasterxml/jackson/core/jackson-annotations/2.15.3/jackson-annotations-2.15.3.jar:/home/goral/.m2/repository/com/fasterxml/jackson/core/jackson-core/2.15.3/jackson-core-2.15.3.jar:/home/goral/.m2/repository/com/fasterxml/jackson/datatype/jackson-datatype-jdk8/2.15.3/jackson-datatype-jdk8-2.15.3.jar:/home/goral/.m2/repository/com/fasterxml/jackson/datatype/jackson-datatype-jsr310/2.15.3/jackson-datatype-jsr310-2.15.3.jar:/home/goral/.m2/repository/com/fasterxml/jackson/module/jackson-module-parameter-names/2.15.3/jackson-module-parameter-names-2.15.3.jar:/home/goral/.m2/repository/org/springframework/boot/spring-boot-starter-tomcat/3.2.0/spring-boot-starter-tomcat-3.2.0.jar:/home/goral/.m2/repository/org/apache/tomcat/embed/tomcat-embed-core/10.1.16/tomcat-embed-core-10.1.16.jar:/home/goral/.m2/repository/org/apache/tomcat/embed/tomcat-embed-el/10.1.16/tomcat-embed-el-10.1.16.jar:/home/goral/.m2/repository/org/apache/tomcat/embed/tomcat-embed-websocket/10.1.16/tomcat-embed-websocket-10.1.16.jar:/home/goral/.m2/repository/org/springframework/spring-web/6.1.1/spring-web-6.1.1.jar:/home/goral/.m2/repository/io/micrometer/micrometer-observation/1.12.0/micrometer-observation-1.12.0.jar:/home/goral/.m2/repository/io/micrometer/micrometer-commons/1.12.0/micrometer-commons-1.12.0.jar:/home/goral/.m2/repository/org/springframework/spring-webmvc/6.1.1/spring-webmvc-6.1.1.jar:/home/goral/.m2/repository/org/springframework/spring-expression/6.1.1/spring-expression-6.1.1.jar:/home/goral/.m2/repository/org/liquibase/liquibase-core/4.24.0/liquibase-core-4.24.0.jar:/home/goral/.m2/repository/com/opencsv/opencsv/5.8/opencsv-5.8.jar:/home/goral/.m2/repository/org/apache/commons/commons-lang3/3.13.0/commons-lang3-3.13.0.jar:/home/goral/.m2/repository/org/apache/commons/commons-text/1.10.0/commons-text-1.10.0.jar:/home/goral/.m2/repository/org/apache/commons/commons-collections4/4.4/commons-collections4-4.4.jar:/home/goral/.m2/repository/org/yaml/snakeyaml/2.2/snakeyaml-2.2.jar:/home/goral/.m2/repository/javax/xml/bind/jaxb-api/2.3.1/jaxb-api-2.3.1.jar:/home/goral/.m2/repository/org/springframework/boot/spring-boot-devtools/3.2.0/spring-boot-devtools-3.2.0.jar:/home/goral/.m2/repository/org/springframework/boot/spring-boot/3.2.0/spring-boot-3.2.0.jar:/home/goral/.m2/repository/org/springframework/boot/spring-boot-autoconfigure/3.2.0/spring-boot-autoconfigure-3.2.0.jar:/home/goral/.m2/repository/com/h2database/h2/2.2.224/h2-2.2.224.jar:/home/goral/.m2/repository/org/springframework/boot/spring-boot-starter-test/3.2.0/spring-boot-starter-test-3.2.0.jar:/home/goral/.m2/repository/org/springframework/boot/spring-boot-test/3.2.0/spring-boot-test-3.2.0.jar:/home/goral/.m2/repository/org/springframework/boot/spring-boot-test-autoconfigure/3.2.0/spring-boot-test-autoconfigure-3.2.0.jar:/home/goral/.m2/repository/com/jayway/jsonpath/json-path/2.8.0/json-path-2.8.0.jar:/home/goral/.m2/repository/jakarta/xml/bind/jakarta.xml.bind-api/4.0.1/jakarta.xml.bind-api-4.0.1.jar:/home/goral/.m2/repository/jakarta/activation/jakarta.activation-api/2.1.2/jakarta.activation-api-2.1.2.jar:/home/goral/.m2/repository/net/minidev/json-smart/2.5.0/json-smart-2.5.0.jar:/home/goral/.m2/repository/net/minidev/accessors-smart/2.5.0/accessors-smart-2.5.0.jar:/home/goral/.m2/repository/org/ow2/asm/asm/9.3/asm-9.3.jar:/home/goral/.m2/repository/org/assertj/assertj-core/3.24.2/assertj-core-3.24.2.jar:/home/goral/.m2/repository/org/awaitility/awaitility/4.2.0/awaitility-4.2.0.jar:/home/goral/.m2/repository/org/hamcrest/hamcrest/2.2/hamcrest-2.2.jar:/home/goral/.m2/repository/org/junit/jupiter/junit-jupiter/5.10.1/junit-jupiter-5.10.1.jar:/home/goral/.m2/repository/org/junit/jupiter/junit-jupiter-api/5.10.1/junit-jupiter-api-5.10.1.jar:/home/goral/.m2/repository/org/opentest4j/opentest4j/1.3.0/opentest4j-1.3.0.jar:/home/goral/.m2/repository/org/junit/platform/junit-platform-commons/1.10.1/junit-platform-commons-1.10.1.jar:/home/goral/.m2/repository/org/apiguardian/apiguardian-api/1.1.2/apiguardian-api-1.1.2.jar:/home/goral/.m2/repository/org/junit/jupiter/junit-jupiter-params/5.10.1/junit-jupiter-params-5.10.1.jar:/home/goral/.m2/repository/org/junit/jupiter/junit-jupiter-engine/5.10.1/junit-jupiter-engine-5.10.1.jar:/home/goral/.m2/repository/org/junit/platform/junit-platform-engine/1.10.1/junit-platform-engine-1.10.1.jar:/home/goral/.m2/repository/org/mockito/mockito-core/5.7.0/mockito-core-5.7.0.jar:/home/goral/.m2/repository/net/bytebuddy/byte-buddy-agent/1.14.10/byte-buddy-agent-1.14.10.jar:/home/goral/.m2/repository/org/objenesis/objenesis/3.3/objenesis-3.3.jar:/home/goral/.m2/repository/org/mockito/mockito-junit-jupiter/5.7.0/mockito-junit-jupiter-5.7.0.jar:/home/goral/.m2/repository/org/skyscreamer/jsonassert/1.5.1/jsonassert-1.5.1.jar:/home/goral/.m2/repository/com/vaadin/external/google/android-json/0.0.20131108.vaadin1/android-json-0.0.20131108.vaadin1.jar:/home/goral/.m2/repository/org/springframework/spring-core/6.1.1/spring-core-6.1.1.jar:/home/goral/.m2/repository/org/springframework/spring-jcl/6.1.1/spring-jcl-6.1.1.jar:/home/goral/.m2/repository/org/springframework/spring-test/6.1.1/spring-test-6.1.1.jar:/home/goral/.m2/repository/org/xmlunit/xmlunit-core/2.9.1/xmlunit-core-2.9.1.jar:"/>
    <property name="java.vm.vendor" value="Oracle Corporation"/>
    <property name="sun.arch.data.model" value="64"/>
    <property name="java.vendor.url" value="https://java.oracle.com/"/>
    <property name="user.timezone" value="Europe/Warsaw"/>
    <property name="org.jboss.logging.provider" value="slf4j"/>
    <property name="os.name" value="Linux"/>
    <property name="java.vm.specification.version" value="17"/>
    <property name="sun.java.launcher" value="SUN_STANDARD"/>
    <property name="user.country" value="PL"/>
    <property name="sun.boot.library.path" value="/home/goral/JDK/jdk-17_linux-x64_bin/jdk-17.0.9/lib"/>
    <property name="sun.java.command" value="/home/goral/java_gorskiego_LIS23/VSC/psychotherapistOffice/target/surefire/surefirebooter-20231209184304184_3.jar /home/goral/java_gorskiego_LIS23/VSC/psychotherapistOffice/target/surefire 2023-12-09T18-43-04_069-jvmRun1 surefire-20231209184304184_1tmp surefire_0-20231209184304184_2tmp"/>
    <property name="jdk.debug" value="release"/>
    <property name="surefire.test.class.path" value="/home/goral/java_gorskiego_LIS23/VSC/psychotherapistOffice/target/test-classes:/home/goral/java_gorskiego_LIS23/VSC/psychotherapistOffice/target/classes:/home/goral/.m2/repository/org/springframework/boot/spring-boot-starter-data-jpa/3.2.0/spring-boot-starter-data-jpa-3.2.0.jar:/home/goral/.m2/repository/org/springframework/boot/spring-boot-starter-aop/3.2.0/spring-boot-starter-aop-3.2.0.jar:/home/goral/.m2/repository/org/springframework/spring-aop/6.1.1/spring-aop-6.1.1.jar:/home/goral/.m2/repository/org/aspectj/aspectjweaver/1.9.20.1/aspectjweaver-1.9.20.1.jar:/home/goral/.m2/repository/org/springframework/boot/spring-boot-starter-jdbc/3.2.0/spring-boot-starter-jdbc-3.2.0.jar:/home/goral/.m2/repository/com/zaxxer/HikariCP/5.0.1/HikariCP-5.0.1.jar:/home/goral/.m2/repository/org/springframework/spring-jdbc/6.1.1/spring-jdbc-6.1.1.jar:/home/goral/.m2/repository/org/hibernate/orm/hibernate-core/6.3.1.Final/hibernate-core-6.3.1.Final.jar:/home/goral/.m2/repository/jakarta/persistence/jakarta.persistence-api/3.1.0/jakarta.persistence-api-3.1.0.jar:/home/goral/.m2/repository/jakarta/transaction/jakarta.transaction-api/2.0.1/jakarta.transaction-api-2.0.1.jar:/home/goral/.m2/repository/org/jboss/logging/jboss-logging/3.5.3.Final/jboss-logging-3.5.3.Final.jar:/home/goral/.m2/repository/org/hibernate/common/hibernate-commons-annotations/6.0.6.Final/hibernate-commons-annotations-6.0.6.Final.jar:/home/goral/.m2/repository/io/smallrye/jandex/3.1.2/jandex-3.1.2.jar:/home/goral/.m2/repository/com/fasterxml/classmate/1.6.0/classmate-1.6.0.jar:/home/goral/.m2/repository/net/bytebuddy/byte-buddy/1.14.10/byte-buddy-1.14.10.jar:/home/goral/.m2/repository/org/glassfish/jaxb/jaxb-runtime/4.0.4/jaxb-runtime-4.0.4.jar:/home/goral/.m2/repository/org/glassfish/jaxb/jaxb-core/4.0.4/jaxb-core-4.0.4.jar:/home/goral/.m2/repository/org/eclipse/angus/angus-activation/2.0.1/angus-activation-2.0.1.jar:/home/goral/.m2/repository/org/glassfish/jaxb/txw2/4.0.4/txw2-4.0.4.jar:/home/goral/.m2/repository/com/sun/istack/istack-commons-runtime/4.1.2/istack-commons-runtime-4.1.2.jar:/home/goral/.m2/repository/jakarta/inject/jakarta.inject-api/2.0.1/jakarta.inject-api-2.0.1.jar:/home/goral/.m2/repository/org/antlr/antlr4-runtime/4.10.1/antlr4-runtime-4.10.1.jar:/home/goral/.m2/repository/org/springframework/data/spring-data-jpa/3.2.0/spring-data-jpa-3.2.0.jar:/home/goral/.m2/repository/org/springframework/data/spring-data-commons/3.2.0/spring-data-commons-3.2.0.jar:/home/goral/.m2/repository/org/springframework/spring-orm/6.1.1/spring-orm-6.1.1.jar:/home/goral/.m2/repository/org/springframework/spring-context/6.1.1/spring-context-6.1.1.jar:/home/goral/.m2/repository/org/springframework/spring-tx/6.1.1/spring-tx-6.1.1.jar:/home/goral/.m2/repository/org/springframework/spring-beans/6.1.1/spring-beans-6.1.1.jar:/home/goral/.m2/repository/jakarta/annotation/jakarta.annotation-api/2.1.1/jakarta.annotation-api-2.1.1.jar:/home/goral/.m2/repository/org/springframework/spring-aspects/6.1.1/spring-aspects-6.1.1.jar:/home/goral/.m2/repository/org/springframework/boot/spring-boot-starter-thymeleaf/3.2.0/spring-boot-starter-thymeleaf-3.2.0.jar:/home/goral/.m2/repository/org/springframework/boot/spring-boot-starter/3.2.0/spring-boot-starter-3.2.0.jar:/home/goral/.m2/repository/org/springframework/boot/spring-boot-starter-logging/3.2.0/spring-boot-starter-logging-3.2.0.jar:/home/goral/.m2/repository/ch/qos/logback/logback-classic/1.4.11/logback-classic-1.4.11.jar:/home/goral/.m2/repository/ch/qos/logback/logback-core/1.4.11/logback-core-1.4.11.jar:/home/goral/.m2/repository/org/apache/logging/log4j/log4j-to-slf4j/2.21.1/log4j-to-slf4j-2.21.1.jar:/home/goral/.m2/repository/org/apache/logging/log4j/log4j-api/2.21.1/log4j-api-2.21.1.jar:/home/goral/.m2/repository/org/slf4j/jul-to-slf4j/2.0.9/jul-to-slf4j-2.0.9.jar:/home/goral/.m2/repository/org/thymeleaf/thymeleaf-spring6/3.1.2.RELEASE/thymeleaf-spring6-3.1.2.RELEASE.jar:/home/goral/.m2/repository/nz/net/ultraq/thymeleaf/thymeleaf-layout-dialect/3.3.0/thymeleaf-layout-dialect-3.3.0.jar:/home/goral/.m2/repository/org/apache/groovy/groovy/4.0.15/groovy-4.0.15.jar:/home/goral/.m2/repository/nz/net/ultraq/groovy/groovy-extensions/2.1.0/groovy-extensions-2.1.0.jar:/home/goral/.m2/repository/nz/net/ultraq/thymeleaf/thymeleaf-expression-processor/3.2.0/thymeleaf-expression-processor-3.2.0.jar:/home/goral/.m2/repository/org/thymeleaf/thymeleaf/3.1.2.RELEASE/thymeleaf-3.1.2.RELEASE.jar:/home/goral/.m2/repository/ognl/ognl/3.3.4/ognl-3.3.4.jar:/home/goral/.m2/repository/org/javassist/javassist/3.29.0-GA/javassist-3.29.0-GA.jar:/home/goral/.m2/repository/org/attoparser/attoparser/2.0.7.RELEASE/attoparser-2.0.7.RELEASE.jar:/home/goral/.m2/repository/org/unbescape/unbescape/1.1.6.RELEASE/unbescape-1.1.6.RELEASE.jar:/home/goral/.m2/repository/org/slf4j/slf4j-api/2.0.9/slf4j-api-2.0.9.jar:/home/goral/.m2/repository/org/springframework/boot/spring-boot-starter-web/3.2.0/spring-boot-starter-web-3.2.0.jar:/home/goral/.m2/repository/org/springframework/boot/spring-boot-starter-json/3.2.0/spring-boot-starter-json-3.2.0.jar:/home/goral/.m2/repository/com/fasterxml/jackson/core/jackson-databind/2.15.3/jackson-databind-2.15.3.jar:/home/goral/.m2/repository/com/fasterxml/jackson/core/jackson-annotations/2.15.3/jackson-annotations-2.15.3.jar:/home/goral/.m2/repository/com/fasterxml/jackson/core/jackson-core/2.15.3/jackson-core-2.15.3.jar:/home/goral/.m2/repository/com/fasterxml/jackson/datatype/jackson-datatype-jdk8/2.15.3/jackson-datatype-jdk8-2.15.3.jar:/home/goral/.m2/repository/com/fasterxml/jackson/datatype/jackson-datatype-jsr310/2.15.3/jackson-datatype-jsr310-2.15.3.jar:/home/goral/.m2/repository/com/fasterxml/jackson/module/jackson-module-parameter-names/2.15.3/jackson-module-parameter-names-2.15.3.jar:/home/goral/.m2/repository/org/springframework/boot/spring-boot-starter-tomcat/3.2.0/spring-boot-starter-tomcat-3.2.0.jar:/home/goral/.m2/repository/org/apache/tomcat/embed/tomcat-embed-core/10.1.16/tomcat-embed-core-10.1.16.jar:/home/goral/.m2/repository/org/apache/tomcat/embed/tomcat-embed-el/10.1.16/tomcat-embed-el-10.1.16.jar:/home/goral/.m2/repository/org/apache/tomcat/embed/tomcat-embed-websocket/10.1.16/tomcat-embed-websocket-10.1.16.jar:/home/goral/.m2/repository/org/springframework/spring-web/6.1.1/spring-web-6.1.1.jar:/home/goral/.m2/repository/io/micrometer/micrometer-observation/1.12.0/micrometer-observation-1.12.0.jar:/home/goral/.m2/repository/io/micrometer/micrometer-commons/1.12.0/micrometer-commons-1.12.0.jar:/home/goral/.m2/repository/org/springframework/spring-webmvc/6.1.1/spring-webmvc-6.1.1.jar:/home/goral/.m2/repository/org/springframework/spring-expression/6.1.1/spring-expression-6.1.1.jar:/home/goral/.m2/repository/org/liquibase/liquibase-core/4.24.0/liquibase-core-4.24.0.jar:/home/goral/.m2/repository/com/opencsv/opencsv/5.8/opencsv-5.8.jar:/home/goral/.m2/repository/org/apache/commons/commons-lang3/3.13.0/commons-lang3-3.13.0.jar:/home/goral/.m2/repository/org/apache/commons/commons-text/1.10.0/commons-text-1.10.0.jar:/home/goral/.m2/repository/org/apache/commons/commons-collections4/4.4/commons-collections4-4.4.jar:/home/goral/.m2/repository/org/yaml/snakeyaml/2.2/snakeyaml-2.2.jar:/home/goral/.m2/repository/javax/xml/bind/jaxb-api/2.3.1/jaxb-api-2.3.1.jar:/home/goral/.m2/repository/org/springframework/boot/spring-boot-devtools/3.2.0/spring-boot-devtools-3.2.0.jar:/home/goral/.m2/repository/org/springframework/boot/spring-boot/3.2.0/spring-boot-3.2.0.jar:/home/goral/.m2/repository/org/springframework/boot/spring-boot-autoconfigure/3.2.0/spring-boot-autoconfigure-3.2.0.jar:/home/goral/.m2/repository/com/h2database/h2/2.2.224/h2-2.2.224.jar:/home/goral/.m2/repository/org/springframework/boot/spring-boot-starter-test/3.2.0/spring-boot-starter-test-3.2.0.jar:/home/goral/.m2/repository/org/springframework/boot/spring-boot-test/3.2.0/spring-boot-test-3.2.0.jar:/home/goral/.m2/repository/org/springframework/boot/spring-boot-test-autoconfigure/3.2.0/spring-boot-test-autoconfigure-3.2.0.jar:/home/goral/.m2/repository/com/jayway/jsonpath/json-path/2.8.0/json-path-2.8.0.jar:/home/goral/.m2/repository/jakarta/xml/bind/jakarta.xml.bind-api/4.0.1/jakarta.xml.bind-api-4.0.1.jar:/home/goral/.m2/repository/jakarta/activation/jakarta.activation-api/2.1.2/jakarta.activation-api-2.1.2.jar:/home/goral/.m2/repository/net/minidev/json-smart/2.5.0/json-smart-2.5.0.jar:/home/goral/.m2/repository/net/minidev/accessors-smart/2.5.0/accessors-smart-2.5.0.jar:/home/goral/.m2/repository/org/ow2/asm/asm/9.3/asm-9.3.jar:/home/goral/.m2/repository/org/assertj/assertj-core/3.24.2/assertj-core-3.24.2.jar:/home/goral/.m2/repository/org/awaitility/awaitility/4.2.0/awaitility-4.2.0.jar:/home/goral/.m2/repository/org/hamcrest/hamcrest/2.2/hamcrest-2.2.jar:/home/goral/.m2/repository/org/junit/jupiter/junit-jupiter/5.10.1/junit-jupiter-5.10.1.jar:/home/goral/.m2/repository/org/junit/jupiter/junit-jupiter-api/5.10.1/junit-jupiter-api-5.10.1.jar:/home/goral/.m2/repository/org/opentest4j/opentest4j/1.3.0/opentest4j-1.3.0.jar:/home/goral/.m2/repository/org/junit/platform/junit-platform-commons/1.10.1/junit-platform-commons-1.10.1.jar:/home/goral/.m2/repository/org/apiguardian/apiguardian-api/1.1.2/apiguardian-api-1.1.2.jar:/home/goral/.m2/repository/org/junit/jupiter/junit-jupiter-params/5.10.1/junit-jupiter-params-5.10.1.jar:/home/goral/.m2/repository/org/junit/jupiter/junit-jupiter-engine/5.10.1/junit-jupiter-engine-5.10.1.jar:/home/goral/.m2/repository/org/junit/platform/junit-platform-engine/1.10.1/junit-platform-engine-1.10.1.jar:/home/goral/.m2/repository/org/mockito/mockito-core/5.7.0/mockito-core-5.7.0.jar:/home/goral/.m2/repository/net/bytebuddy/byte-buddy-agent/1.14.10/byte-buddy-agent-1.14.10.jar:/home/goral/.m2/repository/org/objenesis/objenesis/3.3/objenesis-3.3.jar:/home/goral/.m2/repository/org/mockito/mockito-junit-jupiter/5.7.0/mockito-junit-jupiter-5.7.0.jar:/home/goral/.m2/repository/org/skyscreamer/jsonassert/1.5.1/jsonassert-1.5.1.jar:/home/goral/.m2/repository/com/vaadin/external/google/android-json/0.0.20131108.vaadin1/android-json-0.0.20131108.vaadin1.jar:/home/goral/.m2/repository/org/springframework/spring-core/6.1.1/spring-core-6.1.1.jar:/home/goral/.m2/repository/org/springframework/spring-jcl/6.1.1/spring-jcl-6.1.1.jar:/home/goral/.m2/repository/org/springframework/spring-test/6.1.1/spring-test-6.1.1.jar:/home/goral/.m2/repository/org/xmlunit/xmlunit-core/2.9.1/xmlunit-core-2.9.1.jar:"/>
    <property name="sun.cpu.endian" value="little"/>
    <property name="user.home" value="/home/goral"/>
    <property name="user.language" value="pl"/>
    <property name="java.specification.vendor" value="Oracle Corporation"/>
    <property name="java.version.date" value="2023-10-17"/>
    <property name="java.home" value="/home/goral/JDK/jdk-17_linux-x64_bin/jdk-17.0.9"/>
    <property name="file.separator" value="/"/>
    <property name="basedir" value="/home/goral/java_gorskiego_LIS23/VSC/psychotherapistOffice"/>
    <property name="java.vm.compressedOopsMode" value="Zero based"/>
    <property name="line.separator" value="&#10;"/>
    <property name="java.specification.name" value="Java Platform API Specification"/>
    <property name="java.vm.specification.vendor" value="Oracle Corporation"/>
    <property name="FILE_LOG_CHARSET" value="UTF-8"/>
    <property name="java.awt.headless" value="true"/>
    <property name="surefire.real.class.path" value="/home/goral/java_gorskiego_LIS23/VSC/psychotherapistOffice/target/surefire/surefirebooter-20231209184304184_3.jar"/>
    <property name="sun.management.compiler" value="HotSpot 64-Bit Tiered Compilers"/>
    <property name="java.runtime.version" value="17.0.9+11-LTS-201"/>
    <property name="user.name" value="goral"/>
    <property name="path.separator" value=":"/>
    <property name="os.version" value="6.2.0-37-generic"/>
    <property name="java.runtime.name" value="Java(TM) SE Runtime Environment"/>
    <property name="file.encoding" value="UTF-8"/>
    <property name="java.vm.name" value="Java HotSpot(TM) 64-Bit Server VM"/>
    <property name="localRepository" value="/home/goral/.m2/repository"/>
    <property name="java.vendor.url.bug" value="https://bugreport.java.com/bugreport/"/>
    <property name="java.io.tmpdir" value="/tmp"/>
    <property name="idea.version" value="2023.3"/>
    <property name="com.zaxxer.hikari.pool_number" value="1"/>
    <property name="java.version" value="17.0.9"/>
    <property name="user.dir" value="/home/goral/java_gorskiego_LIS23/VSC/psychotherapistOffice"/>
    <property name="os.arch" value="amd64"/>
    <property name="java.vm.specification.name" value="Java Virtual Machine Specification"/>
    <property name="PID" value="8130"/>
    <property name="CONSOLE_LOG_CHARSET" value="UTF-8"/>
    <property name="native.encoding" value="UTF-8"/>
    <property name="java.library.path" value="/usr/java/packages/lib:/usr/lib64:/lib64:/lib:/usr/lib"/>
    <property name="java.vm.info" value="mixed mode, sharing"/>
    <property name="java.vendor" value="Oracle Corporation"/>
    <property name="java.vm.version" value="17.0.9+11-LTS-201"/>
    <property name="sun.io.unicode.encoding" value="UnicodeLittle"/>
    <property name="java.class.version" value="61.0"/>
  </properties>
  <testcase name="contextLoads" classname="goral.psychotherapistoffice.PsychotherapistOfficeApplicationTests" time="0.722">
    <system-out><![CDATA[18:43:05.013 [main] INFO org.springframework.test.context.support.AnnotationConfigContextLoaderUtils -- Could not detect default configuration classes for test class [goral.psychotherapistoffice.PsychotherapistOfficeApplicationTests]: PsychotherapistOfficeApplicationTests does not declare any static, non-private, non-final, nested classes annotated with @Configuration.
18:43:05.160 [main] INFO org.springframework.boot.test.context.SpringBootTestContextBootstrapper -- Found @SpringBootConfiguration goral.psychotherapistoffice.PsychotherapistOfficeApplication for test class goral.psychotherapistoffice.PsychotherapistOfficeApplicationTests
18:43:05.315 [main] INFO org.springframework.boot.devtools.restart.RestartApplicationListener -- Restart disabled due to context in which it is running

  .   ____          _            __ _ _
 /\\ / ___'_ __ _ _(_)_ __  __ _ \ \ \ \
( ( )\___ | '_ | '_| | '_ \/ _` | \ \ \ \
 \\/  ___)| |_)| | | | | || (_| |  ) ) ) )
  '  |____| .__|_| |_|_| |_\__, | / / / /
 =========|_|==============|___/=/_/_/_/
 :: Spring Boot ::                (v3.2.0)

2023-12-09T18:43:05.625+01:00  INFO 8130 --- [           main] .p.PsychotherapistOfficeApplicationTests : Starting PsychotherapistOfficeApplicationTests using Java 17.0.9 with PID 8130 (started by goral in /home/goral/java_gorskiego_LIS23/VSC/psychotherapistOffice)
2023-12-09T18:43:05.626+01:00  INFO 8130 --- [           main] .p.PsychotherapistOfficeApplicationTests : No active profile set, falling back to 1 default profile: "default"
2023-12-09T18:43:06.558+01:00  INFO 8130 --- [           main] .s.d.r.c.RepositoryConfigurationDelegate : Bootstrapping Spring Data JPA repositories in DEFAULT mode.
2023-12-09T18:43:06.612+01:00  INFO 8130 --- [           main] .s.d.r.c.RepositoryConfigurationDelegate : Finished Spring Data repository scanning in 46 ms. Found 2 JPA repository interfaces.
2023-12-09T18:43:07.053+01:00  INFO 8130 --- [           main] com.zaxxer.hikari.HikariDataSource       : HikariPool-1 - Starting...
2023-12-09T18:43:07.242+01:00  INFO 8130 --- [           main] com.zaxxer.hikari.pool.HikariPool        : HikariPool-1 - Added connection conn0: url=jdbc:h2:mem:test user=SA
2023-12-09T18:43:07.243+01:00  INFO 8130 --- [           main] com.zaxxer.hikari.HikariDataSource       : HikariPool-1 - Start completed.
2023-12-09T18:43:07.303+01:00  INFO 8130 --- [           main] liquibase.database                       : Set default schema name to PUBLIC
2023-12-09T18:43:07.894+01:00  INFO 8130 --- [           main] liquibase.changelog                      : Creating database history table with name: PUBLIC.DATABASECHANGELOG
2023-12-09T18:43:07.986+01:00  INFO 8130 --- [           main] liquibase.changelog                      : Reading from PUBLIC.DATABASECHANGELOG
2023-12-09T18:43:08.064+01:00  INFO 8130 --- [           main] liquibase.lockservice                    : Successfully acquired change log lock
2023-12-09T18:43:08.065+01:00  INFO 8130 --- [           main] liquibase.command                        : Using deploymentId: 2143788065
2023-12-09T18:43:08.067+01:00  INFO 8130 --- [           main] liquibase.changelog                      : Reading from PUBLIC.DATABASECHANGELOG
Running Changeset: db/changelog/0001_create_table_patient.xml::0001::tomasz.gorski88@gmail.com
2023-12-09T18:43:08.120+01:00  INFO 8130 --- [           main] liquibase.changelog                      : Table Patient created
2023-12-09T18:43:08.121+01:00  INFO 8130 --- [           main] liquibase.changelog                      : ChangeSet db/changelog/0001_create_table_patient.xml::0001::tomasz.gorski88@gmail.com ran successfully in 12ms
Running Changeset: db/changelog/0002_create_table_therapy.xml::0002::tomasz.gorski88@gmail.com
2023-12-09T18:43:08.135+01:00  INFO 8130 --- [           main] liquibase.changelog                      : Table therapy created
2023-12-09T18:43:08.135+01:00  INFO 8130 --- [           main] liquibase.changelog                      : ChangeSet db/changelog/0002_create_table_therapy.xml::0002::tomasz.gorski88@gmail.com ran successfully in 4ms
Running Changeset: db/changelog/0003_create_table_calender.xml::0003::tomasz.gorski88@gmail.com
2023-12-09T18:43:08.152+01:00  INFO 8130 --- [           main] liquibase.changelog                      : Table calender created
2023-12-09T18:43:08.152+01:00  INFO 8130 --- [           main] liquibase.changelog                      : ChangeSet db/changelog/0003_create_table_calender.xml::0003::tomasz.gorski88@gmail.com ran successfully in 10ms
Running Changeset: db/changelog/../testdata/0001_Patient.sql::raw::includeAll
2023-12-09T18:43:08.222+01:00  INFO 8130 --- [           main] liquibase.changelog                      : Custom SQL executed
2023-12-09T18:43:08.224+01:00  INFO 8130 --- [           main] liquibase.changelog                      : ChangeSet db/changelog/../testdata/0001_Patient.sql::raw::includeAll ran successfully in 68ms
Running Changeset: db/changelog/../testdata/0002_Therapy.sql::raw::includeAll
2023-12-09T18:43:08.238+01:00  INFO 8130 --- [           main] liquibase.changelog                      : Custom SQL executed
2023-12-09T18:43:08.238+01:00  INFO 8130 --- [           main] liquibase.changelog                      : ChangeSet db/changelog/../testdata/0002_Therapy.sql::raw::includeAll ran successfully in 10ms
Running Changeset: db/changelog/../testdata/0003_calender.sql::raw::includeAll
2023-12-09T18:43:08.264+01:00  INFO 8130 --- [           main] liquibase.changelog                      : Custom SQL executed
2023-12-09T18:43:08.266+01:00  INFO 8130 --- [           main] liquibase.changelog                      : ChangeSet db/changelog/../testdata/0003_calender.sql::raw::includeAll ran successfully in 24ms
2023-12-09T18:43:08.272+01:00  INFO 8130 --- [           main] liquibase.util                           : UPDATE SUMMARY
2023-12-09T18:43:08.273+01:00  INFO 8130 --- [           main] liquibase.util                           : Run:                          6
2023-12-09T18:43:08.273+01:00  INFO 8130 --- [           main] liquibase.util                           : Previously run:               0
2023-12-09T18:43:08.273+01:00  INFO 8130 --- [           main] liquibase.util                           : Filtered out:                 0
2023-12-09T18:43:08.273+01:00  INFO 8130 --- [           main] liquibase.util                           : -------------------------------
2023-12-09T18:43:08.273+01:00  INFO 8130 --- [           main] liquibase.util                           : Total change sets:            6
2023-12-09T18:43:08.273+01:00  INFO 8130 --- [           main] liquibase.util                           : Update summary generated
2023-12-09T18:43:08.275+01:00  INFO 8130 --- [           main] liquibase.command                        : Update command completed successfully.
Liquibase: Update has been successful. Rows affected: 9
2023-12-09T18:43:08.278+01:00  INFO 8130 --- [           main] liquibase.lockservice                    : Successfully released change log lock
2023-12-09T18:43:08.278+01:00  INFO 8130 --- [           main] liquibase.command                        : Command execution complete
2023-12-09T18:43:08.380+01:00  INFO 8130 --- [           main] o.hibernate.jpa.internal.util.LogHelper  : HHH000204: Processing PersistenceUnitInfo [name: default]
2023-12-09T18:43:08.432+01:00  INFO 8130 --- [           main] org.hibernate.Version                    : HHH000412: Hibernate ORM core version 6.3.1.Final
2023-12-09T18:43:08.466+01:00  INFO 8130 --- [           main] o.h.c.internal.RegionFactoryInitiator    : HHH000026: Second-level cache disabled
2023-12-09T18:43:08.677+01:00  INFO 8130 --- [           main] o.s.o.j.p.SpringPersistenceUnitInfo      : No LoadTimeWeaver setup: ignoring JPA class transformer
2023-12-09T18:43:09.498+01:00  INFO 8130 --- [           main] o.h.e.t.j.p.i.JtaPlatformInitiator       : HHH000489: No JTA platform available (set 'hibernate.transaction.jta.platform' to enable JTA platform integration)
2023-12-09T18:43:09.501+01:00  INFO 8130 --- [           main] j.LocalContainerEntityManagerFactoryBean : Initialized JPA EntityManagerFactory for persistence unit 'default'
2023-12-09T18:43:09.933+01:00  WARN 8130 --- [           main] JpaBaseConfiguration$JpaWebConfiguration : spring.jpa.open-in-view is enabled by default. Therefore, database queries may be performed during view rendering. Explicitly configure spring.jpa.open-in-view to disable this warning
2023-12-09T18:43:09.956+01:00  INFO 8130 --- [           main] o.s.b.a.w.s.WelcomePageHandlerMapping    : Adding welcome page template: index
2023-12-09T18:43:10.452+01:00  INFO 8130 --- [           main] .p.PsychotherapistOfficeApplicationTests : Started PsychotherapistOfficeApplicationTests in 5.153 seconds (process running for 6.202)
]]></system-out>
  </testcase>
</testsuite>